2019-03-12 09:55:01 INFO -- Checking /conf/base.conf for correct configuration
2019-03-12 09:55:01 DEBUG -- comparing line elasticsearch.host in base.conf agaisnt creditMicroservice.hostUrl
2019-03-12 09:55:01 DEBUG -- comparing line = in base.conf agaisnt creditMicroservice.hostUrl
2019-03-12 09:55:01 DEBUG -- comparing line "[localhost:9300]" in base.conf agaisnt creditMicroservice.hostUrl
2019-03-12 09:55:01 DEBUG -- comparing line elasticsearch.clusterName in base.conf agaisnt creditMicroservice.hostUrl
2019-03-12 09:55:01 DEBUG -- comparing line = in base.conf agaisnt creditMicroservice.hostUrl
2019-03-12 09:55:01 DEBUG -- comparing line "elasticsearch" in base.conf agaisnt creditMicroservice.hostUrl
2019-03-12 09:55:01 DEBUG -- comparing line elasticsearch.residential.indexName in base.conf agaisnt creditMicroservice.hostUrl
2019-03-12 09:55:01 DEBUG -- comparing line = in base.conf agaisnt creditMicroservice.hostUrl
2019-03-12 09:55:01 DEBUG -- comparing line "resi" in base.conf agaisnt creditMicroservice.hostUrl
2019-03-12 09:55:01 DEBUG -- comparing line creditMicroservice.hostUrl in base.conf agaisnt creditMicroservice.hostUrl
2019-03-12 09:55:01 DEBUG -- base config line creditMicroservice.hostUrl = "http://localhost:9010" for index 0 was found
2019-03-12 09:55:01 DEBUG -- comparing line elasticsearch.host in base.conf agaisnt =
2019-03-12 09:55:01 DEBUG -- comparing line = in base.conf agaisnt =
2019-03-12 09:55:01 DEBUG -- base config line 1 for index 0 was found
2019-03-12 09:55:01 DEBUG -- comparing line elasticsearch.host in base.conf agaisnt "http://localhost:9010"
2019-03-12 09:55:01 DEBUG -- comparing line = in base.conf agaisnt "http://localhost:9010"
2019-03-12 09:55:01 DEBUG -- comparing line "[localhost:9300]" in base.conf agaisnt "http://localhost:9010"
2019-03-12 09:55:01 DEBUG -- comparing line elasticsearch.clusterName in base.conf agaisnt "http://localhost:9010"
2019-03-12 09:55:01 DEBUG -- comparing line = in base.conf agaisnt "http://localhost:9010"
2019-03-12 09:55:01 DEBUG -- comparing line "elasticsearch" in base.conf agaisnt "http://localhost:9010"
2019-03-12 09:55:01 DEBUG -- comparing line elasticsearch.residential.indexName in base.conf agaisnt "http://localhost:9010"
2019-03-12 09:55:01 DEBUG -- comparing line = in base.conf agaisnt "http://localhost:9010"
2019-03-12 09:55:01 DEBUG -- comparing line "resi" in base.conf agaisnt "http://localhost:9010"
2019-03-12 09:55:01 DEBUG -- comparing line creditMicroservice.hostUrl in base.conf agaisnt "http://localhost:9010"
2019-03-12 09:55:01 DEBUG -- comparing line = in base.conf agaisnt "http://localhost:9010"
2019-03-12 09:55:01 DEBUG -- comparing line "http://localhost:9010" in base.conf agaisnt "http://localhost:9010"
2019-03-12 09:55:01 DEBUG -- base config line 1 for index 0 was found
2019-03-12 09:55:01 DEBUG -- comparing line elasticsearch.host in base.conf agaisnt microservice.api.credit.enabled
2019-03-12 09:55:01 DEBUG -- comparing line = in base.conf agaisnt microservice.api.credit.enabled
2019-03-12 09:55:01 DEBUG -- comparing line "[localhost:9300]" in base.conf agaisnt microservice.api.credit.enabled
2019-03-12 09:55:01 DEBUG -- comparing line elasticsearch.clusterName in base.conf agaisnt microservice.api.credit.enabled
2019-03-12 09:55:01 DEBUG -- comparing line = in base.conf agaisnt microservice.api.credit.enabled
2019-03-12 09:55:01 DEBUG -- comparing line "elasticsearch" in base.conf agaisnt microservice.api.credit.enabled
2019-03-12 09:55:01 DEBUG -- comparing line elasticsearch.residential.indexName in base.conf agaisnt microservice.api.credit.enabled
2019-03-12 09:55:01 DEBUG -- comparing line = in base.conf agaisnt microservice.api.credit.enabled
2019-03-12 09:55:01 DEBUG -- comparing line "resi" in base.conf agaisnt microservice.api.credit.enabled
2019-03-12 09:55:01 DEBUG -- comparing line creditMicroservice.hostUrl in base.conf agaisnt microservice.api.credit.enabled
2019-03-12 09:55:01 DEBUG -- comparing line = in base.conf agaisnt microservice.api.credit.enabled
2019-03-12 09:55:01 DEBUG -- comparing line "http://localhost:9010" in base.conf agaisnt microservice.api.credit.enabled
2019-03-12 09:55:01 DEBUG -- comparing line microservice.api.credit.enabled in base.conf agaisnt microservice.api.credit.enabled
2019-03-12 09:55:01 DEBUG -- base config line 1 for index 0 was found
2019-03-12 09:55:01 DEBUG -- comparing line elasticsearch.host in base.conf agaisnt =
2019-03-12 09:55:01 DEBUG -- comparing line = in base.conf agaisnt =
2019-03-12 09:55:01 DEBUG -- base config line 1 for index 0 was found
2019-03-12 09:55:01 DEBUG -- comparing line elasticsearch.host in base.conf agaisnt "true"
2019-03-12 09:55:01 DEBUG -- comparing line = in base.conf agaisnt "true"
2019-03-12 09:55:01 DEBUG -- comparing line "[localhost:9300]" in base.conf agaisnt "true"
2019-03-12 09:55:01 DEBUG -- comparing line elasticsearch.clusterName in base.conf agaisnt "true"
2019-03-12 09:55:01 DEBUG -- comparing line = in base.conf agaisnt "true"
2019-03-12 09:55:01 DEBUG -- comparing line "elasticsearch" in base.conf agaisnt "true"
2019-03-12 09:55:01 DEBUG -- comparing line elasticsearch.residential.indexName in base.conf agaisnt "true"
2019-03-12 09:55:01 DEBUG -- comparing line = in base.conf agaisnt "true"
2019-03-12 09:55:01 DEBUG -- comparing line "resi" in base.conf agaisnt "true"
2019-03-12 09:55:01 DEBUG -- comparing line creditMicroservice.hostUrl in base.conf agaisnt "true"
2019-03-12 09:55:01 DEBUG -- comparing line = in base.conf agaisnt "true"
2019-03-12 09:55:01 DEBUG -- comparing line "http://localhost:9010" in base.conf agaisnt "true"
2019-03-12 09:55:01 DEBUG -- comparing line microservice.api.credit.enabled in base.conf agaisnt "true"
2019-03-12 09:55:02 DEBUG -- comparing line = in base.conf agaisnt "true"
2019-03-12 09:55:02 DEBUG -- comparing line "true" in base.conf agaisnt "true"
2019-03-12 09:55:02 DEBUG -- base config line 1 for index 0 was found
2019-03-12 09:55:02 INFO -- Starting subscriber application
2019-03-12 09:55:02 INFO -- mock-fico-service
2019-03-12 09:55:02 INFO -- business-api
2019-03-12 09:55:02 INFO -- credit-service
